This is pdfTeX, Version 3.14159265-2.6-1.40.17 (TeX Live 2016) (preloaded format=pdflatex 2016.5.22)  26 NOV 2018 21:52
entering extended mode
 restricted \write18 enabled.
 file:line:error style messages enabled.
 %&-line parsing enabled.
**wgmacros-FPE.tex
(./wgmacros-FPE.tex
LaTeX2e <2016/03/31>
Babel <3.9r> and hyphenation patterns for 83 language(s) loaded.

Package WGmacros Warning: Please load `MnSymbol' package explicitely in preambl
e on input line 4.

(/usr/local/texlive/2016/texmf-dist/tex/latex/mnsymbol/MnSymbol.sty
Package: MnSymbol 2007/01/21 v1.4 support for the MnSymbol font

(/usr/local/texlive/2016/texmf-dist/tex/latex/amsmath/amsmath.sty
Package: amsmath 2016/03/10 v2.15b AMS math features
\@mathmargin=\skip41

For additional information on amsmath, use the `?' option.
(/usr/local/texlive/2016/texmf-dist/tex/latex/amsmath/amstext.sty
Package: amstext 2000/06/29 v2.01 AMS text

(/usr/local/texlive/2016/texmf-dist/tex/latex/amsmath/amsgen.sty
File: amsgen.sty 1999/11/30 v2.0 generic functions
\@emptytoks=\toks14
\ex@=\dimen102
))
(/usr/local/texlive/2016/texmf-dist/tex/latex/amsmath/amsbsy.sty
Package: amsbsy 1999/11/29 v1.2d Bold Symbols
\pmbraise@=\dimen103
)
(/usr/local/texlive/2016/texmf-dist/tex/latex/amsmath/amsopn.sty
Package: amsopn 2016/03/08 v2.02 operator names
)
\inf@bad=\count79
LaTeX Info: Redefining \frac on input line 199.
\uproot@=\count80
\leftroot@=\count81
LaTeX Info: Redefining \overline on input line 297.
\classnum@=\count82
\DOTSCASE@=\count83
LaTeX Info: Redefining \ldots on input line 394.
LaTeX Info: Redefining \dots on input line 397.
LaTeX Info: Redefining \cdots on input line 518.
\Mathstrutbox@=\box26
\strutbox@=\box27
\big@size=\dimen104
LaTeX Font Info:    Redeclaring font encoding OML on input line 634.
LaTeX Font Info:    Redeclaring font encoding OMS on input line 635.
\macc@depth=\count84
\c@MaxMatrixCols=\count85
\dotsspace@=\muskip10
\c@parentequation=\count86
\dspbrk@lvl=\count87
\tag@help=\toks15
\row@=\count88
\column@=\count89
\maxfields@=\count90
\andhelp@=\toks16
\eqnshift@=\dimen105
\alignsep@=\dimen106
\tagshift@=\dimen107
\tagwidth@=\dimen108
\totwidth@=\dimen109
\lineht@=\dimen110
\@envbody=\toks17
\multlinegap=\skip42
\multlinetaggap=\skip43
\mathdisplay@stack=\toks18
LaTeX Info: Redefining \[ on input line 2739.
LaTeX Info: Redefining \] on input line 2740.
)
(/usr/local/texlive/2016/texmf-dist/tex/latex/base/textcomp.sty
Package: textcomp 2005/09/27 v1.99g Standard LaTeX package
Package textcomp Info: Sub-encoding information:
(textcomp)               5 = only ISO-Adobe without \textcurrency
(textcomp)               4 = 5 + \texteuro
(textcomp)               3 = 4 + \textohm
(textcomp)               2 = 3 + \textestimated + \textcurrency
(textcomp)               1 = TS1 - \textcircled - \t
(textcomp)               0 = TS1 (full)
(textcomp)             Font families with sub-encoding setting implement
(textcomp)             only a restricted character set as indicated.
(textcomp)             Family '?' is the default used for unknown fonts.
(textcomp)             See the documentation for details.
Package textcomp Info: Setting ? sub-encoding to TS1/1 on input line 79.

(/usr/local/texlive/2016/texmf-dist/tex/latex/base/ts1enc.def
File: ts1enc.def 2001/06/05 v3.0e (jk/car/fm) Standard LaTeX file
)
LaTeX Info: Redefining \oldstylenums on input line 334.
Package textcomp Info: Setting cmr sub-encoding to TS1/0 on input line 349.
Package textcomp Info: Setting cmss sub-encoding to TS1/0 on input line 350.
Package textcomp Info: Setting cmtt sub-encoding to TS1/0 on input line 351.
Package textcomp Info: Setting cmvtt sub-encoding to TS1/0 on input line 352.
Package textcomp Info: Setting cmbr sub-encoding to TS1/0 on input line 353.
Package textcomp Info: Setting cmtl sub-encoding to TS1/0 on input line 354.
Package textcomp Info: Setting ccr sub-encoding to TS1/0 on input line 355.
Package textcomp Info: Setting ptm sub-encoding to TS1/4 on input line 356.
Package textcomp Info: Setting pcr sub-encoding to TS1/4 on input line 357.
Package textcomp Info: Setting phv sub-encoding to TS1/4 on input line 358.
Package textcomp Info: Setting ppl sub-encoding to TS1/3 on input line 359.
Package textcomp Info: Setting pag sub-encoding to TS1/4 on input line 360.
Package textcomp Info: Setting pbk sub-encoding to TS1/4 on input line 361.
Package textcomp Info: Setting pnc sub-encoding to TS1/4 on input line 362.
Package textcomp Info: Setting pzc sub-encoding to TS1/4 on input line 363.
Package textcomp Info: Setting bch sub-encoding to TS1/4 on input line 364.
Package textcomp Info: Setting put sub-encoding to TS1/5 on input line 365.
Package textcomp Info: Setting uag sub-encoding to TS1/5 on input line 366.
Package textcomp Info: Setting ugq sub-encoding to TS1/5 on input line 367.
Package textcomp Info: Setting ul8 sub-encoding to TS1/4 on input line 368.
Package textcomp Info: Setting ul9 sub-encoding to TS1/4 on input line 369.
Package textcomp Info: Setting augie sub-encoding to TS1/5 on input line 370.
Package textcomp Info: Setting dayrom sub-encoding to TS1/3 on input line 371.
Package textcomp Info: Setting dayroms sub-encoding to TS1/3 on input line 372.

Package textcomp Info: Setting pxr sub-encoding to TS1/0 on input line 373.
Package textcomp Info: Setting pxss sub-encoding to TS1/0 on input line 374.
Package textcomp Info: Setting pxtt sub-encoding to TS1/0 on input line 375.
Package textcomp Info: Setting txr sub-encoding to TS1/0 on input line 376.
Package textcomp Info: Setting txss sub-encoding to TS1/0 on input line 377.
Package textcomp Info: Setting txtt sub-encoding to TS1/0 on input line 378.
Package textcomp Info: Setting lmr sub-encoding to TS1/0 on input line 379.
Package textcomp Info: Setting lmdh sub-encoding to TS1/0 on input line 380.
Package textcomp Info: Setting lmss sub-encoding to TS1/0 on input line 381.
Package textcomp Info: Setting lmssq sub-encoding to TS1/0 on input line 382.
Package textcomp Info: Setting lmvtt sub-encoding to TS1/0 on input line 383.
Package textcomp Info: Setting lmtt sub-encoding to TS1/0 on input line 384.
Package textcomp Info: Setting qhv sub-encoding to TS1/0 on input line 385.
Package textcomp Info: Setting qag sub-encoding to TS1/0 on input line 386.
Package textcomp Info: Setting qbk sub-encoding to TS1/0 on input line 387.
Package textcomp Info: Setting qcr sub-encoding to TS1/0 on input line 388.
Package textcomp Info: Setting qcs sub-encoding to TS1/0 on input line 389.
Package textcomp Info: Setting qpl sub-encoding to TS1/0 on input line 390.
Package textcomp Info: Setting qtm sub-encoding to TS1/0 on input line 391.
Package textcomp Info: Setting qzc sub-encoding to TS1/0 on input line 392.
Package textcomp Info: Setting qhvc sub-encoding to TS1/0 on input line 393.
Package textcomp Info: Setting futs sub-encoding to TS1/4 on input line 394.
Package textcomp Info: Setting futx sub-encoding to TS1/4 on input line 395.
Package textcomp Info: Setting futj sub-encoding to TS1/4 on input line 396.
Package textcomp Info: Setting hlh sub-encoding to TS1/3 on input line 397.
Package textcomp Info: Setting hls sub-encoding to TS1/3 on input line 398.
Package textcomp Info: Setting hlst sub-encoding to TS1/3 on input line 399.
Package textcomp Info: Setting hlct sub-encoding to TS1/5 on input line 400.
Package textcomp Info: Setting hlx sub-encoding to TS1/5 on input line 401.
Package textcomp Info: Setting hlce sub-encoding to TS1/5 on input line 402.
Package textcomp Info: Setting hlcn sub-encoding to TS1/5 on input line 403.
Package textcomp Info: Setting hlcw sub-encoding to TS1/5 on input line 404.
Package textcomp Info: Setting hlcf sub-encoding to TS1/5 on input line 405.
Package textcomp Info: Setting pplx sub-encoding to TS1/3 on input line 406.
Package textcomp Info: Setting pplj sub-encoding to TS1/3 on input line 407.
Package textcomp Info: Setting ptmx sub-encoding to TS1/4 on input line 408.
Package textcomp Info: Setting ptmj sub-encoding to TS1/4 on input line 409.
)
(/usr/local/texlive/2016/texmf-dist/tex/latex/amsfonts/eufrak.sty
Package: eufrak 2009/06/22 v3.00 Euler Fraktur fonts
LaTeX Font Info:    Overwriting math alphabet `\EuFrak' in version `bold'
(Font)                  U/euf/m/n --> U/euf/b/n on input line 39.
)
LaTeX Info: Redefining \dagger on input line 84.
LaTeX Info: Redefining \ddagger on input line 84.
LaTeX Info: Redefining \mathparagraph on input line 84.
LaTeX Info: Redefining \mathsection on input line 84.
LaTeX Info: Redefining \mathdollar on input line 84.
LaTeX Info: Redefining \mathsterling on input line 84.
LaTeX Info: Redefining \Re on input line 84.
LaTeX Info: Redefining \Im on input line 84.
\symMnSyA=\mathgroup4
\symMnSyB=\mathgroup5
\symMnSyC=\mathgroup6
\symMnSyD=\mathgroup7
LaTeX Font Info:    Redeclaring symbol font `largesymbols' on input line 119.
LaTeX Font Info:    Overwriting symbol font `largesymbols' in version `normal'
(Font)                  OMX/cmex/m/n --> OMX/MnSymbolE/m/n on input line 119.
LaTeX Font Info:    Overwriting symbol font `largesymbols' in version `bold'
(Font)                  OMX/cmex/m/n --> OMX/MnSymbolE/m/n on input line 119.
LaTeX Font Info:    Redeclaring symbol font `symbols' on input line 120.
LaTeX Font Info:    Encoding `OMS' has changed to `U' for symbol font
(Font)              `symbols' in the math version `normal' on input line 120.
LaTeX Font Info:    Overwriting symbol font `symbols' in version `normal'
(Font)                  OMS/cmsy/m/n --> U/MnSymbolF/m/n on input line 120.
LaTeX Font Info:    Encoding `OMS' has changed to `U' for symbol font
(Font)              `symbols' in the math version `bold' on input line 120.
LaTeX Font Info:    Overwriting symbol font `symbols' in version `bold'
(Font)                  OMS/cmsy/b/n --> U/MnSymbolF/m/n on input line 120.
LaTeX Font Info:    Overwriting symbol font `MnSyA' in version `bold'
(Font)                  U/MnSymbolA/m/n --> U/MnSymbolA/b/n on input line 121.
LaTeX Font Info:    Overwriting symbol font `MnSyB' in version `bold'
(Font)                  U/MnSymbolB/m/n --> U/MnSymbolB/b/n on input line 122.
LaTeX Font Info:    Overwriting symbol font `MnSyC' in version `bold'
(Font)                  U/MnSymbolC/m/n --> U/MnSymbolC/b/n on input line 123.
LaTeX Font Info:    Overwriting symbol font `MnSyD' in version `bold'
(Font)                  U/MnSymbolD/m/n --> U/MnSymbolD/b/n on input line 124.
LaTeX Font Info:    Overwriting symbol font `largesymbols' in version `bold'
(Font)                  OMX/MnSymbolE/m/n --> OMX/MnSymbolE/b/n on input line 1
25.
LaTeX Font Info:    Overwriting symbol font `symbols' in version `bold'
(Font)                  U/MnSymbolF/m/n --> U/MnSymbolF/b/n on input line 126.
LaTeX Font Info:    Redeclaring math alphabet \mathcal on input line 241.
LaTeX Font Info:    Overwriting math alphabet `\mathcal' in version `bold'
(Font)                  OMS/MnSymbolS/m/n --> OMS/MnSymbolS/b/n on input line 2
41.
LaTeX Info: Redefining \longrightarrow on input line 548.
LaTeX Info: Redefining \longleftarrow on input line 549.
LaTeX Info: Redefining \longleftrightarrow on input line 550.
LaTeX Info: Redefining \Longrightarrow on input line 551.
LaTeX Info: Redefining \Longleftarrow on input line 552.
LaTeX Info: Redefining \Longleftrightarrow on input line 553.
LaTeX Info: Redefining \longmapsto on input line 554.
LaTeX Info: Redefining \vdots on input line 868.
LaTeX Font Info:    Redeclaring math symbol \braceld on input line 1721.
LaTeX Font Info:    Redeclaring math symbol \bracelu on input line 1722.
LaTeX Font Info:    Redeclaring math symbol \bracerd on input line 1723.
LaTeX Font Info:    Redeclaring math symbol \braceru on input line 1724.
LaTeX Info: Redefining \downbracefill on input line 1799.
LaTeX Info: Redefining \upbracefill on input line 1800.
LaTeX Info: Redefining \overbrace on input line 1819.
LaTeX Info: Redefining \underbrace on input line 1820.
LaTeX Info: Redefining \surd on input line 1843.
LaTeX Font Info:    Redeclaring math accent \widehat on input line 1845.
LaTeX Font Info:    Redeclaring math accent \widetilde on input line 1846.
LaTeX Font Info:    Redeclaring math accent \vec on input line 1848.
)

./wgmacros-FPE.tex:13: LaTeX Error: \wrt undefined.

See the LaTeX manual or LaTeX Companion for explanation.
Type  H <return>  for immediate help.
 ...                                              
                                                  
l.13 \renewcommand*{\wrt}
                         {with respect to}
Try typing  <return>  to proceed.
If that doesn't work, type  X <return>  to quit.


./wgmacros-FPE.tex:15: LaTeX Error: \MGCsym undefined.

See the LaTeX manual or LaTeX Companion for explanation.
Type  H <return>  for immediate help.
 ...                                              
                                                  
l.15 \renewcommand*{\MGCsym}
                            {\mathbb{M}} %% most general call set
Try typing  <return>  to proceed.
If that doesn't work, type  X <return>  to quit.


./wgmacros-FPE.tex:17: LaTeX Error: \genrule undefined.

See the LaTeX manual or LaTeX Companion for explanation.
Type  H <return>  for immediate help.
 ...                                              
                                                  
l.17 \renewcommand*{\genrule}
                             [2]{#1 = #2}
Try typing  <return>  to proceed.
If that doesn't work, type  X <return>  to quit.


./wgmacros-FPE.tex:24: LaTeX Error: \Q undefined.

See the LaTeX manual or LaTeX Companion for explanation.
Type  H <return>  for immediate help.
 ...                                              
                                                  
l.24 \renewcommand*{\Q}
                       [2]{\ifempty{#2}{#1}{#2 \mathbin{.} #1}} % D.A -> \Q{...

Try typing  <return>  to proceed.
If that doesn't work, type  X <return>  to quit.


./wgmacros-FPE.tex:25: LaTeX Error: \TpSym undefined.

See the LaTeX manual or LaTeX Companion for explanation.
Type  H <return>  for immediate help.
 ...                                              
                                                  
l.25 \renewcommand*{\TpSym}
                           {\mathC{D}}
Try typing  <return>  to proceed.
If that doesn't work, type  X <return>  to quit.


./wgmacros-FPE.tex:26: LaTeX Error: \TrSym undefined.

See the LaTeX manual or LaTeX Companion for explanation.
Type  H <return>  for immediate help.
 ...                                              
                                                  
l.26 \renewcommand*{\TrSym}
                           {\mathC{P}} %% semantics tree in P
Try typing  <return>  to proceed.
If that doesn't work, type  X <return>  to quit.


./wgmacros-FPE.tex:27: LaTeX Error: \evalSym undefined.

See the LaTeX manual or LaTeX Companion for explanation.
Type  H <return>  for immediate help.
 ...                                              
                                                  
l.27 \renewcommand*{\evalSym}
                             {\mathC{A}}
Try typing  <return>  to proceed.
If that doesn't work, type  X <return>  to quit.

./wgmacros-FPE.tex:136: Undefined control sequence.
l.136 \monobioperator
                     {\lubC}{\sqcup}{\bigsqcup}
The control sequence at the end of the top line
of your error message was never \def'ed. If you have
misspelled it (e.g., `\hobx'), type `I' and the correct
spelling (e.g., `I\hbox'). Otherwise just continue,
and I'll forget about whatever was undefined.

./wgmacros-FPE.tex:136: Undefined control sequence.
l.136 \monobioperator{\lubC
                           }{\sqcup}{\bigsqcup}
The control sequence at the end of the top line
of your error message was never \def'ed. If you have
misspelled it (e.g., `\hobx'), type `I' and the correct
spelling (e.g., `I\hbox'). Otherwise just continue,
and I'll forget about whatever was undefined.

./wgmacros-FPE.tex:136: Missing $ inserted.
<inserted text> 
                $
l.136 \monobioperator{\lubC}{\sqcup
                                   }{\bigsqcup}
I've inserted a begin-math/end-math symbol since I think
you left one out. Proceed, with fingers crossed.


./wgmacros-FPE.tex:136: LaTeX Error: Missing \begin{document}.

See the LaTeX manual or LaTeX Companion for explanation.
Type  H <return>  for immediate help.
 ...                                              
                                                  
l.136 \monobioperator{\lubC}{\sqcup
                                   }{\bigsqcup}
You're in trouble here.  Try typing  <return>  to proceed.
If that doesn't work, type  X <return>  to quit.

./wgmacros-FPE.tex:136: Extra }, or forgotten $.
l.136 \monobioperator{\lubC}{\sqcup}
                                    {\bigsqcup}
I've deleted a group-closing symbol because it seems to be
spurious, as in `$x}$'. But perhaps the } is legitimate and
you forgot something else, as in `\hbox{$x}'. In such cases
the way to recover is to insert both the forgotten and the
deleted material, e.g., by typing `I$}'.

./wgmacros-FPE.tex:137: Undefined control sequence.
l.137 \monobioperator
                     {\glbC}{\sqcap}{\bigsqcap}
The control sequence at the end of the top line
of your error message was never \def'ed. If you have
misspelled it (e.g., `\hobx'), type `I' and the correct
spelling (e.g., `I\hbox'). Otherwise just continue,
and I'll forget about whatever was undefined.

./wgmacros-FPE.tex:137: Undefined control sequence.
l.137 \monobioperator{\glbC
                           }{\sqcap}{\bigsqcap}
The control sequence at the end of the top line
of your error message was never \def'ed. If you have
misspelled it (e.g., `\hobx'), type `I' and the correct
spelling (e.g., `I\hbox'). Otherwise just continue,
and I'll forget about whatever was undefined.

./wgmacros-FPE.tex:143: Missing $ inserted.
<inserted text> 
                $
l.143 
      
I've inserted a begin-math/end-math symbol since I think
you left one out. Proceed, with fingers crossed.


Overfull \hbox (47.014pt too wide) in paragraph at lines 136--143
[]$\U/MnSymbolC/m/n/10 @[][][][]$ 
 []


./wgmacros-FPE.tex:144: LaTeX Error: \A undefined.

See the LaTeX manual or LaTeX Companion for explanation.
Type  H <return>  for immediate help.
 ...                                              
                                                  
l.144 \renewcommand*{\A}
                        [1][\paths]{\dot{\mathbb{C}}_{#1}}
Try typing  <return>  to proceed.
If that doesn't work, type  X <return>  to quit.

./wgmacros-FPE.tex:146: Undefined control sequence.
l.146 \monobioperator
                     {\lubA}{\mathrel{\dot\sqcup}}{\dot\bigsqcup}
The control sequence at the end of the top line
of your error message was never \def'ed. If you have
misspelled it (e.g., `\hobx'), type `I' and the correct
spelling (e.g., `I\hbox'). Otherwise just continue,
and I'll forget about whatever was undefined.

./wgmacros-FPE.tex:146: Undefined control sequence.
l.146 \monobioperator{\lubA
                           }{\mathrel{\dot\sqcup}}{\dot\bigsqcup}
The control sequence at the end of the top line
of your error message was never \def'ed. If you have
misspelled it (e.g., `\hobx'), type `I' and the correct
spelling (e.g., `I\hbox'). Otherwise just continue,
and I'll forget about whatever was undefined.

./wgmacros-FPE.tex:146: Missing $ inserted.
<inserted text> 
                $
l.146 \monobioperator{\lubA}{\mathrel
                                     {\dot\sqcup}}{\dot\bigsqcup}
I've inserted a begin-math/end-math symbol since I think
you left one out. Proceed, with fingers crossed.


./wgmacros-FPE.tex:146: LaTeX Error: Missing \begin{document}.

See the LaTeX manual or LaTeX Companion for explanation.
Type  H <return>  for immediate help.
 ...                                              
                                                  
l.146 \monobioperator{\lubA}{\mathrel
                                     {\dot\sqcup}}{\dot\bigsqcup}
You're in trouble here.  Try typing  <return>  to proceed.
If that doesn't work, type  X <return>  to quit.

./wgmacros-FPE.tex:146: Extra }, or forgotten $.
l.146 \monobioperator{\lubA}{\mathrel{\dot\sqcup}}
                                                  {\dot\bigsqcup}
I've deleted a group-closing symbol because it seems to be
spurious, as in `$x}$'. But perhaps the } is legitimate and
you forgot something else, as in `\hbox{$x}'. In such cases
the way to recover is to insert both the forgotten and the
deleted material, e.g., by typing `I$}'.

./wgmacros-FPE.tex:147: Undefined control sequence.
l.147 \monobioperator
                     {\glbA}{\mathrel{\dot\sqcap}}{\dot\bigsqcap}
The control sequence at the end of the top line
of your error message was never \def'ed. If you have
misspelled it (e.g., `\hobx'), type `I' and the correct
spelling (e.g., `I\hbox'). Otherwise just continue,
and I'll forget about whatever was undefined.

./wgmacros-FPE.tex:147: Undefined control sequence.
l.147 \monobioperator{\glbA
                           }{\mathrel{\dot\sqcap}}{\dot\bigsqcap}
The control sequence at the end of the top line
of your error message was never \def'ed. If you have
misspelled it (e.g., `\hobx'), type `I' and the correct
spelling (e.g., `I\hbox'). Otherwise just continue,
and I'll forget about whatever was undefined.

./wgmacros-FPE.tex:154: Missing $ inserted.
<inserted text> 
                $
l.154 
      
I've inserted a begin-math/end-math symbol since I think
you left one out. Proceed, with fingers crossed.


Overfull \hbox (26.00883pt too wide) in paragraph at lines 146--154
[]$[]
 []


Overfull \hbox (21.00517pt too wide) in paragraph at lines 146--154
[][][][]$ 
 []


./wgmacros-FPE.tex:249: LaTeX Error: \I undefined.

See the LaTeX manual or LaTeX Companion for explanation.
Type  H <return>  for immediate help.
 ...                                              
                                                  
l.249 \renewcommand*{\I}
                        {I} % {\rho}
Try typing  <return>  to proceed.
If that doesn't work, type  X <return>  to quit.

./wgmacros-FPE.tex:379: Undefined control sequence.
l.379 \monobioperator
                     {\lubES}{\cup_{\EExprDom}}{\bigcup_{\EExprDom}}
The control sequence at the end of the top line
of your error message was never \def'ed. If you have
misspelled it (e.g., `\hobx'), type `I' and the correct
spelling (e.g., `I\hbox'). Otherwise just continue,
and I'll forget about whatever was undefined.

./wgmacros-FPE.tex:379: Undefined control sequence.
l.379 \monobioperator{\lubES
                            }{\cup_{\EExprDom}}{\bigcup_{\EExprDom}}
The control sequence at the end of the top line
of your error message was never \def'ed. If you have
misspelled it (e.g., `\hobx'), type `I' and the correct
spelling (e.g., `I\hbox'). Otherwise just continue,
and I'll forget about whatever was undefined.

./wgmacros-FPE.tex:379: Missing $ inserted.
<inserted text> 
                $
l.379 \monobioperator{\lubES}{\cup
                                  _{\EExprDom}}{\bigcup_{\EExprDom}}
I've inserted a begin-math/end-math symbol since I think
you left one out. Proceed, with fingers crossed.


./wgmacros-FPE.tex:379: LaTeX Error: Missing \begin{document}.

See the LaTeX manual or LaTeX Companion for explanation.
Type  H <return>  for immediate help.
 ...                                              
                                                  
l.379 \monobioperator{\lubES}{\cup
                                  _{\EExprDom}}{\bigcup_{\EExprDom}}
You're in trouble here.  Try typing  <return>  to proceed.
If that doesn't work, type  X <return>  to quit.

./wgmacros-FPE.tex:379: Undefined control sequence.
\EExprDom ->\mathbb 
                    {E}
l.379 \monobioperator{\lubES}{\cup_{\EExprDom
                                             }}{\bigcup_{\EExprDom}}
The control sequence at the end of the top line
of your error message was never \def'ed. If you have
misspelled it (e.g., `\hobx'), type `I' and the correct
spelling (e.g., `I\hbox'). Otherwise just continue,
and I'll forget about whatever was undefined.

./wgmacros-FPE.tex:379: Extra }, or forgotten $.
l.379 \monobioperator{\lubES}{\cup_{\EExprDom}}
                                               {\bigcup_{\EExprDom}}
I've deleted a group-closing symbol because it seems to be
spurious, as in `$x}$'. But perhaps the } is legitimate and
you forgot something else, as in `\hbox{$x}'. In such cases
the way to recover is to insert both the forgotten and the
deleted material, e.g., by typing `I$}'.

./wgmacros-FPE.tex:379: Undefined control sequence.
\EExprDom ->\mathbb 
                    {E}
l.379 ...bES}{\cup_{\EExprDom}}{\bigcup_{\EExprDom
                                                  }}
The control sequence at the end of the top line
of your error message was never \def'ed. If you have
misspelled it (e.g., `\hobx'), type `I' and the correct
spelling (e.g., `I\hbox'). Otherwise just continue,
and I'll forget about whatever was undefined.

./wgmacros-FPE.tex:380: Undefined control sequence.
l.380 \monobioperator
                     {\glbES}{\cap_{\EExprDom}}{\bigcap_{\EExprDom}}
The control sequence at the end of the top line
of your error message was never \def'ed. If you have
misspelled it (e.g., `\hobx'), type `I' and the correct
spelling (e.g., `I\hbox'). Otherwise just continue,
and I'll forget about whatever was undefined.

./wgmacros-FPE.tex:380: Undefined control sequence.
l.380 \monobioperator{\glbES
                            }{\cap_{\EExprDom}}{\bigcap_{\EExprDom}}
The control sequence at the end of the top line
of your error message was never \def'ed. If you have
misspelled it (e.g., `\hobx'), type `I' and the correct
spelling (e.g., `I\hbox'). Otherwise just continue,
and I'll forget about whatever was undefined.

./wgmacros-FPE.tex:380: Undefined control sequence.
\EExprDom ->\mathbb 
                    {E}
l.380 \monobioperator{\glbES}{\cap_{\EExprDom
                                             }}{\bigcap_{\EExprDom}}
The control sequence at the end of the top line
of your error message was never \def'ed. If you have
misspelled it (e.g., `\hobx'), type `I' and the correct
spelling (e.g., `I\hbox'). Otherwise just continue,
and I'll forget about whatever was undefined.

./wgmacros-FPE.tex:380: Undefined control sequence.
\EExprDom ->\mathbb 
                    {E}
l.380 ...bES}{\cap_{\EExprDom}}{\bigcap_{\EExprDom
                                                  }}
The control sequence at the end of the top line
of your error message was never \def'ed. If you have
misspelled it (e.g., `\hobx'), type `I' and the correct
spelling (e.g., `I\hbox'). Otherwise just continue,
and I'll forget about whatever was undefined.

./wgmacros-FPE.tex:385: Missing $ inserted.
<inserted text> 
                $
l.385 
      
I've inserted a begin-math/end-math symbol since I think
you left one out. Proceed, with fingers crossed.


Overfull \hbox (74.03629pt too wide) in paragraph at lines 379--385
[]$\U/MnSymbolC/m/n/10 8[][][][][]$ 
 []

./wgmacros-FPE.tex:394: Undefined control sequence.
l.394 \monobioperator
                     {\lubEA}{\mathrel{\dot{\oplus}}}{\dot{\bigoplus}}
The control sequence at the end of the top line
of your error message was never \def'ed. If you have
misspelled it (e.g., `\hobx'), type `I' and the correct
spelling (e.g., `I\hbox'). Otherwise just continue,
and I'll forget about whatever was undefined.

./wgmacros-FPE.tex:394: Undefined control sequence.
l.394 \monobioperator{\lubEA
                            }{\mathrel{\dot{\oplus}}}{\dot{\bigoplus}}
The control sequence at the end of the top line
of your error message was never \def'ed. If you have
misspelled it (e.g., `\hobx'), type `I' and the correct
spelling (e.g., `I\hbox'). Otherwise just continue,
and I'll forget about whatever was undefined.

./wgmacros-FPE.tex:394: Missing $ inserted.
<inserted text> 
                $
l.394 \monobioperator{\lubEA}{\mathrel
                                      {\dot{\oplus}}}{\dot{\bigoplus}}
I've inserted a begin-math/end-math symbol since I think
you left one out. Proceed, with fingers crossed.


./wgmacros-FPE.tex:394: LaTeX Error: Missing \begin{document}.

See the LaTeX manual or LaTeX Companion for explanation.
Type  H <return>  for immediate help.
 ...                                              
                                                  
l.394 \monobioperator{\lubEA}{\mathrel
                                      {\dot{\oplus}}}{\dot{\bigoplus}}
You're in trouble here.  Try typing  <return>  to proceed.
If that doesn't work, type  X <return>  to quit.

./wgmacros-FPE.tex:394: Extra }, or forgotten $.
l.394 ...ioperator{\lubEA}{\mathrel{\dot{\oplus}}}
                                                  {\dot{\bigoplus}}
I've deleted a group-closing symbol because it seems to be
spurious, as in `$x}$'. But perhaps the } is legitimate and
you forgot something else, as in `\hbox{$x}'. In such cases
the way to recover is to insert both the forgotten and the
deleted material, e.g., by typing `I$}'.

./wgmacros-FPE.tex:395: Undefined control sequence.
l.395 \monobioperator
                     {\glbEA}{\mathrel{\dot{\otimes}}}{\dot{\bigotimes}}
The control sequence at the end of the top line
of your error message was never \def'ed. If you have
misspelled it (e.g., `\hobx'), type `I' and the correct
spelling (e.g., `I\hbox'). Otherwise just continue,
and I'll forget about whatever was undefined.

./wgmacros-FPE.tex:395: Undefined control sequence.
l.395 \monobioperator{\glbEA
                            }{\mathrel{\dot{\otimes}}}{\dot{\bigotimes}}
The control sequence at the end of the top line
of your error message was never \def'ed. If you have
misspelled it (e.g., `\hobx'), type `I' and the correct
spelling (e.g., `I\hbox'). Otherwise just continue,
and I'll forget about whatever was undefined.

./wgmacros-FPE.tex:398: Missing $ inserted.
<inserted text> 
                $
l.398 
      
I've inserted a begin-math/end-math symbol since I think
you left one out. Proceed, with fingers crossed.


Overfull \hbox (26.99829pt too wide) in paragraph at lines 394--398
[]$[]
 []


Overfull \hbox (24.85315pt too wide) in paragraph at lines 394--398
[][][][]$ 
 []

./wgmacros-FPE.tex:402: Undefined control sequence.
l.402 \monobioperator
                     {\lubBA}{\mathrel{\dot{\vee}}}{\dot{\bigvee}}
The control sequence at the end of the top line
of your error message was never \def'ed. If you have
misspelled it (e.g., `\hobx'), type `I' and the correct
spelling (e.g., `I\hbox'). Otherwise just continue,
and I'll forget about whatever was undefined.

./wgmacros-FPE.tex:402: Undefined control sequence.
l.402 \monobioperator{\lubBA
                            }{\mathrel{\dot{\vee}}}{\dot{\bigvee}}
The control sequence at the end of the top line
of your error message was never \def'ed. If you have
misspelled it (e.g., `\hobx'), type `I' and the correct
spelling (e.g., `I\hbox'). Otherwise just continue,
and I'll forget about whatever was undefined.

./wgmacros-FPE.tex:402: Missing $ inserted.
<inserted text> 
                $
l.402 \monobioperator{\lubBA}{\mathrel
                                      {\dot{\vee}}}{\dot{\bigvee}}
I've inserted a begin-math/end-math symbol since I think
you left one out. Proceed, with fingers crossed.


./wgmacros-FPE.tex:402: LaTeX Error: Missing \begin{document}.

See the LaTeX manual or LaTeX Companion for explanation.
Type  H <return>  for immediate help.
 ...                                              
                                                  
l.402 \monobioperator{\lubBA}{\mathrel
                                      {\dot{\vee}}}{\dot{\bigvee}}
You're in trouble here.  Try typing  <return>  to proceed.
If that doesn't work, type  X <return>  to quit.

./wgmacros-FPE.tex:402: Extra }, or forgotten $.
l.402 ...obioperator{\lubBA}{\mathrel{\dot{\vee}}}
                                                  {\dot{\bigvee}}
I've deleted a group-closing symbol because it seems to be
spurious, as in `$x}$'. But perhaps the } is legitimate and
you forgot something else, as in `\hbox{$x}'. In such cases
the way to recover is to insert both the forgotten and the
deleted material, e.g., by typing `I$}'.

./wgmacros-FPE.tex:403: Undefined control sequence.
l.403 \monobioperator
                     {\glbBA}{\mathrel{\dot{\wedge}}}{\dot{\bigwedge}}
The control sequence at the end of the top line
of your error message was never \def'ed. If you have
misspelled it (e.g., `\hobx'), type `I' and the correct
spelling (e.g., `I\hbox'). Otherwise just continue,
and I'll forget about whatever was undefined.

./wgmacros-FPE.tex:403: Undefined control sequence.
l.403 \monobioperator{\glbBA
                            }{\mathrel{\dot{\wedge}}}{\dot{\bigwedge}}
The control sequence at the end of the top line
of your error message was never \def'ed. If you have
misspelled it (e.g., `\hobx'), type `I' and the correct
spelling (e.g., `I\hbox'). Otherwise just continue,
and I'll forget about whatever was undefined.

./wgmacros-FPE.tex:406: Missing $ inserted.
<inserted text> 
                $
l.406 
      
I've inserted a begin-math/end-math symbol since I think
you left one out. Proceed, with fingers crossed.


Overfull \hbox (26.00883pt too wide) in paragraph at lines 402--406
[]$[]
 []


Overfull \hbox (21.00517pt too wide) in paragraph at lines 402--406
[][][][]$ 
 []

./wgmacros-FPE.tex:409: Undefined control sequence.
l.409 \monobioperator
                     {\lubBS}{\mathrel{\hat{\vee}}}{\hat{\bigvee}}
The control sequence at the end of the top line
of your error message was never \def'ed. If you have
misspelled it (e.g., `\hobx'), type `I' and the correct
spelling (e.g., `I\hbox'). Otherwise just continue,
and I'll forget about whatever was undefined.

./wgmacros-FPE.tex:409: Undefined control sequence.
l.409 \monobioperator{\lubBS
                            }{\mathrel{\hat{\vee}}}{\hat{\bigvee}}
The control sequence at the end of the top line
of your error message was never \def'ed. If you have
misspelled it (e.g., `\hobx'), type `I' and the correct
spelling (e.g., `I\hbox'). Otherwise just continue,
and I'll forget about whatever was undefined.

./wgmacros-FPE.tex:409: Missing $ inserted.
<inserted text> 
                $
l.409 \monobioperator{\lubBS}{\mathrel
                                      {\hat{\vee}}}{\hat{\bigvee}}
I've inserted a begin-math/end-math symbol since I think
you left one out. Proceed, with fingers crossed.


./wgmacros-FPE.tex:409: LaTeX Error: Missing \begin{document}.

See the LaTeX manual or LaTeX Companion for explanation.
Type  H <return>  for immediate help.
 ...                                              
                                                  
l.409 \monobioperator{\lubBS}{\mathrel
                                      {\hat{\vee}}}{\hat{\bigvee}}
You're in trouble here.  Try typing  <return>  to proceed.
If that doesn't work, type  X <return>  to quit.

./wgmacros-FPE.tex:409: Extra }, or forgotten $.
l.409 ...obioperator{\lubBS}{\mathrel{\hat{\vee}}}
                                                  {\hat{\bigvee}}
I've deleted a group-closing symbol because it seems to be
spurious, as in `$x}$'. But perhaps the } is legitimate and
you forgot something else, as in `\hbox{$x}'. In such cases
the way to recover is to insert both the forgotten and the
deleted material, e.g., by typing `I$}'.

./wgmacros-FPE.tex:410: Undefined control sequence.
l.410 \monobioperator
                     {\glbBS}{\mathrel{\hat{\wedge}}}{\hat{\bigwedge}}
The control sequence at the end of the top line
of your error message was never \def'ed. If you have
misspelled it (e.g., `\hobx'), type `I' and the correct
spelling (e.g., `I\hbox'). Otherwise just continue,
and I'll forget about whatever was undefined.

./wgmacros-FPE.tex:410: Undefined control sequence.
l.410 \monobioperator{\glbBS
                            }{\mathrel{\hat{\wedge}}}{\hat{\bigwedge}}
The control sequence at the end of the top line
of your error message was never \def'ed. If you have
misspelled it (e.g., `\hobx'), type `I' and the correct
spelling (e.g., `I\hbox'). Otherwise just continue,
and I'll forget about whatever was undefined.

./wgmacros-FPE.tex:413: Missing $ inserted.
<inserted text> 
                $
l.413 
      
I've inserted a begin-math/end-math symbol since I think
you left one out. Proceed, with fingers crossed.


Overfull \hbox (26.00883pt too wide) in paragraph at lines 409--413
[]$[]
 []


Overfull \hbox (21.00517pt too wide) in paragraph at lines 409--413
[][][][]$ 
 []

./wgmacros-FPE.tex:449: Undefined control sequence.
l.449 \monobioperator
                     {\lubACEB}{\dot\sqcup}{\dot\bigsqcup}
The control sequence at the end of the top line
of your error message was never \def'ed. If you have
misspelled it (e.g., `\hobx'), type `I' and the correct
spelling (e.g., `I\hbox'). Otherwise just continue,
and I'll forget about whatever was undefined.

./wgmacros-FPE.tex:449: Undefined control sequence.
l.449 \monobioperator{\lubACEB
                              }{\dot\sqcup}{\dot\bigsqcup}
The control sequence at the end of the top line
of your error message was never \def'ed. If you have
misspelled it (e.g., `\hobx'), type `I' and the correct
spelling (e.g., `I\hbox'). Otherwise just continue,
and I'll forget about whatever was undefined.


./wgmacros-FPE.tex:449: Package amsmath Error: \dot allowed only in math mode.

See the amsmath package documentation for explanation.
Type  H <return>  for immediate help.
 ...                                              
                                                  
l.449 \monobioperator{\lubACEB}{\dot\sqcup
                                          }{\dot\bigsqcup}
You're in trouble here.  Try typing  <return>  to proceed.
If that doesn't work, type  X <return>  to quit.


./wgmacros-FPE.tex:449: Package amsmath Error: \dot allowed only in math mode.

See the amsmath package documentation for explanation.
Type  H <return>  for immediate help.
 ...                                              
                                                  
l.449 ...rator{\lubACEB}{\dot\sqcup}{\dot\bigsqcup
                                                  }
You're in trouble here.  Try typing  <return>  to proceed.
If that doesn't work, type  X <return>  to quit.

)
! Emergency stop.
<*> wgmacros-FPE.tex
                    
*** (job aborted, no legal \end found)

 
Here is how much of TeX's memory you used:
 2852 strings out of 493014
 33471 string characters out of 6133351
 68700 words of memory out of 5000000
 6446 multiletter control sequences out of 15000+600000
 9199 words of font info for 32 fonts, out of 8000000 for 9000
 1141 hyphenation exceptions out of 8191
 34i,5n,24p,237b,327s stack positions out of 5000i,500n,10000p,200000b,80000s
!  ==> Fatal error occurred, no output PDF file produced!
